<?xml version="1.0" encoding="UTF-8"?>
<testsuite name="ru.nsu.dunaev.MainTest" tests="18" skipped="0" failures="0" errors="0" timestamp="2025-03-03T15:36:37" hostname="deudeuka-MacBook-Air.local" time="0.054">
  <properties/>
  <testcase name="testSequentialSingleNumber()" classname="ru.nsu.dunaev.MainTest" time="0.014"/>
  <testcase name="testParallelThreadEmptyArray()" classname="ru.nsu.dunaev.MainTest" time="0.002"/>
  <testcase name="ParallelTest()" classname="ru.nsu.dunaev.MainTest" time="0.011"/>
  <testcase name="testParallelStreamSingleNumber()" classname="ru.nsu.dunaev.MainTest" time="0.001"/>
  <testcase name="testSequentialAllPrimes()" classname="ru.nsu.dunaev.MainTest" time="0.001"/>
  <testcase name="testParallelThreadWithNonPrime()" classname="ru.nsu.dunaev.MainTest" time="0.0"/>
  <testcase name="SeqTest()" classname="ru.nsu.dunaev.MainTest" time="0.002"/>
  <testcase name="testParallelStreamAllPrimes()" classname="ru.nsu.dunaev.MainTest" time="0.0"/>
  <testcase name="MainTest()" classname="ru.nsu.dunaev.MainTest" time="0.001"/>
  <testcase name="testSequentialWithNonPrime()" classname="ru.nsu.dunaev.MainTest" time="0.001"/>
  <testcase name="testParallelStreamEmptyArray()" classname="ru.nsu.dunaev.MainTest" time="0.0"/>
  <testcase name="testParallelThreadAllPrimes()" classname="ru.nsu.dunaev.MainTest" time="0.002"/>
  <testcase name="ThreadTest()" classname="ru.nsu.dunaev.MainTest" time="0.003"/>
  <testcase name="testSequentialEmptyArray()" classname="ru.nsu.dunaev.MainTest" time="0.001"/>
  <testcase name="testParallelStreamWithNonPrime()" classname="ru.nsu.dunaev.MainTest" time="0.0"/>
  <testcase name="testParallelThreadSingleNumber()" classname="ru.nsu.dunaev.MainTest" time="0.001"/>
  <testcase name="testZeroAndOne()" classname="ru.nsu.dunaev.MainTest" time="0.001"/>
  <testcase name="testNegativeNumbers()" classname="ru.nsu.dunaev.MainTest" time="0.001"/>
  <system-out><![CDATA[Parallel Stream: false Time: 4 ms
Sequential: false Time: 2 ms
Hello and welcome!
Parallel Thread: false Time: 1 ms
]]></system-out>
  <system-err><![CDATA[]]></system-err>
</testsuite>
