<?xml version="1.0" encoding="UTF-8"?>
<testsuite name="ru.nsu.dunaev.MainTest" tests="6" skipped="0" failures="0" errors="0" timestamp="2024-10-12T04:53:57" hostname="deudeuka-MacBook-Air.local" time="0.025">
  <properties/>
  <testcase name="mainTest1()" classname="ru.nsu.dunaev.MainTest" time="0.014"/>
  <testcase name="mainTest2()" classname="ru.nsu.dunaev.MainTest" time="0.0"/>
  <testcase name="mainTest3()" classname="ru.nsu.dunaev.MainTest" time="0.001"/>
  <testcase name="mainTest4()" classname="ru.nsu.dunaev.MainTest" time="0.001"/>
  <testcase name="mainTest5()" classname="ru.nsu.dunaev.MainTest" time="0.003"/>
  <testcase name="mainTest()" classname="ru.nsu.dunaev.MainTest" time="0.003"/>
  <system-out><![CDATA[(0-1)
(3+(2/x))
(0+((0/x)-(2/1)))
3
divide by zero
0
]]></system-out>
  <system-err><![CDATA[]]></system-err>
</testsuite>
